Using pre-set license
Built from '2022.3/staging' branch; Version is '2022.3.16f1 (d2c21f0ef2f1) revision 13812255'; Using compiler version '192829333'; Build Type 'Release'
OS: 'Windows 11  (10.0.22621) 64bit CoreSingleLanguage' Language: 'ru' Physical Memory: 15693 MB
BatchMode: 1, IsHumanControllingUs: 0, StartBugReporterOnCrash: 0, Is64bit: 1, IsPro: 1

COMMAND LINE ARGUMENTS:
C:\Program Files\Unity\Hub\Editor\2022.3.16f1\Editor\Unity.exe
-adb2
-batchMode
-noUpm
-name
AssetImportWorker10
-projectPath
D:/Codes/Internship
-logFile
Logs/AssetImportWorker10.log
-srvPort
58602
Successfully changed project path to: D:/Codes/Internship
D:/Codes/Internship
[UnityMemory] Configuration Parameters - Can be set up in boot.config
    "memorysetup-bucket-allocator-granularity=16"
    "memorysetup-bucket-allocator-bucket-count=8"
    "memorysetup-bucket-allocator-block-size=33554432"
    "memorysetup-bucket-allocator-block-count=8"
    "memorysetup-main-allocator-block-size=16777216"
    "memorysetup-thread-allocator-block-size=16777216"
    "memorysetup-gfx-main-allocator-block-size=16777216"
    "memorysetup-gfx-thread-allocator-block-size=16777216"
    "memorysetup-cache-allocator-block-size=4194304"
    "memorysetup-typetree-allocator-block-size=2097152"
    "memorysetup-profiler-bucket-allocator-granularity=16"
    "memorysetup-profiler-bucket-allocator-bucket-count=8"
    "memorysetup-profiler-bucket-allocator-block-size=33554432"
    "memorysetup-profiler-bucket-allocator-block-count=8"
    "memorysetup-profiler-allocator-block-size=16777216"
    "memorysetup-profiler-editor-allocator-block-size=1048576"
    "memorysetup-temp-allocator-size-main=16777216"
    "memorysetup-job-temp-allocator-block-size=2097152"
    "memorysetup-job-temp-allocator-block-size-background=1048576"
    "memorysetup-job-temp-allocator-reduction-small-platforms=262144"
    "memorysetup-allocator-temp-initial-block-size-main=262144"
    "memorysetup-allocator-temp-initial-block-size-worker=262144"
    "memorysetup-temp-allocator-size-background-worker=32768"
    "memorysetup-temp-allocator-size-job-worker=262144"
    "memorysetup-temp-allocator-size-preload-manager=33554432"
    "memorysetup-temp-allocator-size-nav-mesh-worker=65536"
    "memorysetup-temp-allocator-size-audio-worker=65536"
    "memorysetup-temp-allocator-size-cloud-worker=32768"
    "memorysetup-temp-allocator-size-gi-baking-worker=262144"
    "memorysetup-temp-allocator-size-gfx=262144"
Player connection [5072] Host "[IP] 169.254.143.63 [Port] 0 [Flags] 2 [Guid] 3126770831 [EditorId] 3126770831 [Version] 1048832 [Id] WindowsEditor(7,xJasz) [Debug] 1 [PackageName] WindowsEditor [ProjectName] Editor" joined multi-casting on [225.0.0.222:54997]...

Player connection [5072] Host "[IP] 169.254.143.63 [Port] 0 [Flags] 2 [Guid] 3126770831 [EditorId] 3126770831 [Version] 1048832 [Id] WindowsEditor(7,xJasz) [Debug] 1 [PackageName] WindowsEditor [ProjectName] Editor" joined alternative multi-casting on [225.0.0.222:34997]...

[Physics::Module] Initialized MultithreadedJobDispatcher with 15 workers.
Refreshing native plugins compatible for Editor in 4.57 ms, found 3 plugins.
Preloading 0 native plugins for Editor in 0.00 ms.
Initialize engine version: 2022.3.16f1 (d2c21f0ef2f1)
[Subsystems] Discovering subsystems at path C:/Program Files/Unity/Hub/Editor/2022.3.16f1/Editor/Data/Resources/UnitySubsystems
[Subsystems] Discovering subsystems at path D:/Codes/Internship/Assets
GfxDevice: creating device client; threaded=0; jobified=0
Direct3D:
    Version:  Direct3D 11.0 [level 11.1]
    Renderer: AMD Radeon(TM) Graphics (ID=0x164c)
    Vendor:   ATI
    VRAM:     7846 MB
    Driver:   31.0.12044.3
Initialize mono
Mono path[0] = 'C:/Program Files/Unity/Hub/Editor/2022.3.16f1/Editor/Data/Managed'
Mono path[1] = 'C:/Program Files/Unity/Hub/Editor/2022.3.16f1/Editor/Data/MonoBleedingEdge/lib/mono/unityjit-win32'
Mono config path = 'C:/Program Files/Unity/Hub/Editor/2022.3.16f1/Editor/Data/MonoBleedingEdge/etc'
Using monoOptions --debugger-agent=transport=dt_socket,embedding=1,server=y,suspend=n,address=127.0.0.1:56032
Begin MonoManager ReloadAssembly
Registering precompiled unity dll's ...
Register platform support module: C:/Program Files/Unity/Hub/Editor/2022.3.16f1/Editor/Data/PlaybackEngines/WindowsStandaloneSupport/UnityEditor.WindowsStandalone.Extensions.dll
Registered in 0.004614 seconds.
- Loaded All Assemblies, in  0.329 seconds
Native extension for WindowsStandalone target not found
Mono: successfully reloaded assembly
- Finished resetting the current domain, in  0.272 seconds
Domain Reload Profiling: 601ms
	BeginReloadAssembly (102ms)
		ExecutionOrderSort (0ms)
		DisableScriptedObjects (0ms)
		BackupInstance (0ms)
		ReleaseScriptingObjects (0ms)
		CreateAndSetChildDomain (1ms)
	RebuildCommonClasses (34ms)
	RebuildNativeTypeToScriptingClass (11ms)
	initialDomainReloadingComplete (55ms)
	LoadAllAssembliesAndSetupDomain (126ms)
		LoadAssemblies (100ms)
		RebuildTransferFunctionScriptingTraits (0ms)
		AnalyzeDomain (124ms)
			TypeCache.Refresh (123ms)
				TypeCache.ScanAssembly (111ms)
			ScanForSourceGeneratedMonoScriptInfo (0ms)
			ResolveRequiredComponents (0ms)
	FinalizeReload (273ms)
		ReleaseScriptCaches (0ms)
		RebuildScriptCaches (0ms)
		SetupLoadedEditorAssemblies (212ms)
			LogAssemblyErrors (0ms)
			InitializePlatformSupportModulesInManaged (9ms)
			SetLoadedEditorAssemblies (7ms)
			RefreshPlugins (0ms)
			BeforeProcessingInitializeOnLoad (2ms)
			ProcessInitializeOnLoadAttributes (147ms)
			ProcessInitializeOnLoadMethodAttributes (46ms)
			AfterProcessingInitializeOnLoad (0ms)
			EditorAssembliesLoaded (0ms)
		ExecutionOrderSort2 (0ms)
		AwakeInstancesAfterBackupRestoration (0ms)
========================================================================
Worker process is ready to serve import requests
Begin MonoManager ReloadAssembly
- Loaded All Assemblies, in  0.572 seconds
Refreshing native plugins compatible for Editor in 1.57 ms, found 3 plugins.
Native extension for WindowsStandalone target not found
Package Manager log level set to [2]
[Package Manager] Server::EnsureServerProcessIsRunning -- launch failed, reason: Unity was launched with the -noUpm command-line argument
[Package Manager] UpmClient::Send -- Unable to send message (not connected to UPM process).
[Package Manager] Cannot connect to Unity Package Manager local server
Mono: successfully reloaded assembly
- Finished resetting the current domain, in  0.750 seconds
Domain Reload Profiling: 1322ms
	BeginReloadAssembly (137ms)
		ExecutionOrderSort (0ms)
		DisableScriptedObjects (7ms)
		BackupInstance (0ms)
		ReleaseScriptingObjects (0ms)
		CreateAndSetChildDomain (22ms)
	RebuildCommonClasses (33ms)
	RebuildNativeTypeToScriptingClass (11ms)
	initialDomainReloadingComplete (36ms)
	LoadAllAssembliesAndSetupDomain (355ms)
		LoadAssemblies (260ms)
		RebuildTransferFunctionScriptingTraits (0ms)
		AnalyzeDomain (166ms)
			TypeCache.Refresh (148ms)
				TypeCache.ScanAssembly (135ms)
			ScanForSourceGeneratedMonoScriptInfo (13ms)
			ResolveRequiredComponents (3ms)
	FinalizeReload (751ms)
		ReleaseScriptCaches (0ms)
		RebuildScriptCaches (0ms)
		SetupLoadedEditorAssemblies (602ms)
			LogAssemblyErrors (0ms)
			InitializePlatformSupportModulesInManaged (5ms)
			SetLoadedEditorAssemblies (5ms)
			RefreshPlugins (0ms)
			BeforeProcessingInitializeOnLoad (55ms)
			ProcessInitializeOnLoadAttributes (514ms)
			ProcessInitializeOnLoadMethodAttributes (19ms)
			AfterProcessingInitializeOnLoad (5ms)
			EditorAssembliesLoaded (0ms)
		ExecutionOrderSort2 (0ms)
		AwakeInstancesAfterBackupRestoration (7ms)
Launched and connected shader compiler UnityShaderCompiler.exe after 0.06 seconds
Refreshing native plugins compatible for Editor in 1.78 ms, found 3 plugins.
Preloading 0 native plugins for Editor in 0.00 ms.
Unloading 3101 Unused Serialized files (Serialized files now loaded: 0)
Unloading 32 unused Assets / (56.9 KB). Loaded Objects now: 3563.
Memory consumption went from 126.8 MB to 126.7 MB.
Total: 4.494300 ms (FindLiveObjects: 0.378600 ms CreateObjectMapping: 0.205000 ms MarkObjects: 3.705700 ms  DeleteObjects: 0.202600 ms)

AssetImportParameters requested are different than current active one (requested -> active):
  custom:container-demuxer-ogg: 62fdf1f143b41e24485cea50d1cbac27 -> 
  custom:video-decoder-ogg-theora: a1e56fd34408186e4bbccfd4996cb3dc -> 
  custom:framework-win-MediaFoundation: 216162199b28c13a410421893ffa2e32 -> 
  custom:CustomObjectIndexerAttribute: 43b350a4d6e6d1791af0b5038c4bea17 -> 
  custom:container-demuxer-webm: 4f35f7cbe854078d1ac9338744f61a02 -> 
  custom:container-muxer-webm: aa71ff27fc2769a1b78a27578f13a17b -> 
  custom:video-decoder-webm-vp8: 9c59270c3fd7afecdb556c50c9e8de78 -> 
  custom:SearchIndexIgnoredProperties: e643bd26f0fe6173181afceb89e7c659 -> 
  custom:AudioImporter_EditorPlatform: d09bf68614088b80899f8185d706f6e7 -> 
  custom:video-encoder-webm-vp8: eb34c28f22e8b96e1ab97ce403110664 -> 
  custom:audio-decoder-ogg-vorbis: bf7c407c2cedff20999df2af8eb42d56 -> 
  custom:audio-encoder-webm-vorbis: bf7c407c2cedff20999df2af8eb42d56 -> 
========================================================================
Received Prepare
Begin MonoManager ReloadAssembly
- Loaded All Assemblies, in  0.432 seconds
Refreshing native plugins compatible for Editor in 3.19 ms, found 3 plugins.
Native extension for WindowsStandalone target not found
[Package Manager] Server::EnsureServerProcessIsRunning -- launch failed, reason: Unity was launched with the -noUpm command-line argument
[Package Manager] UpmClient::Send -- Unable to send message (not connected to UPM process).
[Package Manager] Cannot connect to Unity Package Manager local server
Mono: successfully reloaded assembly
- Finished resetting the current domain, in  8.543 seconds
Domain Reload Profiling: 8974ms
	BeginReloadAssembly (146ms)
		ExecutionOrderSort (0ms)
		DisableScriptedObjects (5ms)
		BackupInstance (0ms)
		ReleaseScriptingObjects (0ms)
		CreateAndSetChildDomain (37ms)
	RebuildCommonClasses (33ms)
	RebuildNativeTypeToScriptingClass (11ms)
	initialDomainReloadingComplete (25ms)
	LoadAllAssembliesAndSetupDomain (215ms)
		LoadAssemblies (266ms)
		RebuildTransferFunctionScriptingTraits (0ms)
		AnalyzeDomain (23ms)
			TypeCache.Refresh (10ms)
				TypeCache.ScanAssembly (0ms)
			ScanForSourceGeneratedMonoScriptInfo (7ms)
			ResolveRequiredComponents (4ms)
	FinalizeReload (8543ms)
		ReleaseScriptCaches (0ms)
		RebuildScriptCaches (0ms)
		SetupLoadedEditorAssemblies (7187ms)
			LogAssemblyErrors (0ms)
			InitializePlatformSupportModulesInManaged (62ms)
			SetLoadedEditorAssemblies (30ms)
			RefreshPlugins (0ms)
			BeforeProcessingInitializeOnLoad (620ms)
			ProcessInitializeOnLoadAttributes (6011ms)
			ProcessInitializeOnLoadMethodAttributes (364ms)
			AfterProcessingInitializeOnLoad (98ms)
			EditorAssembliesLoaded (2ms)
		ExecutionOrderSort2 (0ms)
		AwakeInstancesAfterBackupRestoration (82ms)
Refreshing native plugins compatible for Editor in 2.26 ms, found 3 plugins.
Preloading 0 native plugins for Editor in 0.00 ms.
Unloading 3082 Unused Serialized files (Serialized files now loaded: 0)
Unloading 23 unused Assets / (31.2 KB). Loaded Objects now: 3567.
Memory consumption went from 124.7 MB to 124.7 MB.
Total: 5.790000 ms (FindLiveObjects: 0.336100 ms CreateObjectMapping: 0.151900 ms MarkObjects: 5.208900 ms  DeleteObjects: 0.091500 ms)

Prepare: number of updated asset objects reloaded= 0
AssetImportParameters requested are different than current active one (requested -> active):
  custom:container-demuxer-ogg: 62fdf1f143b41e24485cea50d1cbac27 -> 
  custom:video-decoder-ogg-theora: a1e56fd34408186e4bbccfd4996cb3dc -> 
  custom:framework-win-MediaFoundation: 216162199b28c13a410421893ffa2e32 -> 
  custom:CustomObjectIndexerAttribute: 43b350a4d6e6d1791af0b5038c4bea17 -> 
  custom:container-demuxer-webm: 4f35f7cbe854078d1ac9338744f61a02 -> 
  custom:container-muxer-webm: aa71ff27fc2769a1b78a27578f13a17b -> 
  custom:video-decoder-webm-vp8: 9c59270c3fd7afecdb556c50c9e8de78 -> 
  custom:SearchIndexIgnoredProperties: e643bd26f0fe6173181afceb89e7c659 -> 
  custom:AudioImporter_EditorPlatform: d09bf68614088b80899f8185d706f6e7 -> 
  custom:video-encoder-webm-vp8: eb34c28f22e8b96e1ab97ce403110664 -> 
  custom:audio-decoder-ogg-vorbis: bf7c407c2cedff20999df2af8eb42d56 -> 
  custom:audio-encoder-webm-vorbis: bf7c407c2cedff20999df2af8eb42d56 -> 
========================================================================
Received Prepare
Begin MonoManager ReloadAssembly
- Loaded All Assemblies, in  0.490 seconds
Refreshing native plugins compatible for Editor in 3.66 ms, found 3 plugins.
Native extension for WindowsStandalone target not found
[Package Manager] Server::EnsureServerProcessIsRunning -- launch failed, reason: Unity was launched with the -noUpm command-line argument
[Package Manager] UpmClient::Send -- Unable to send message (not connected to UPM process).
[Package Manager] Cannot connect to Unity Package Manager local server
Mono: successfully reloaded assembly
- Finished resetting the current domain, in  1.157 seconds
Domain Reload Profiling: 1644ms
	BeginReloadAssembly (166ms)
		ExecutionOrderSort (0ms)
		DisableScriptedObjects (8ms)
		BackupInstance (0ms)
		ReleaseScriptingObjects (0ms)
		CreateAndSetChildDomain (39ms)
	RebuildCommonClasses (33ms)
	RebuildNativeTypeToScriptingClass (11ms)
	initialDomainReloadingComplete (35ms)
	LoadAllAssembliesAndSetupDomain (241ms)
		LoadAssemblies (294ms)
		RebuildTransferFunctionScriptingTraits (0ms)
		AnalyzeDomain (27ms)
			TypeCache.Refresh (9ms)
				TypeCache.ScanAssembly (0ms)
			ScanForSourceGeneratedMonoScriptInfo (10ms)
			ResolveRequiredComponents (7ms)
	FinalizeReload (1157ms)
		ReleaseScriptCaches (0ms)
		RebuildScriptCaches (0ms)
		SetupLoadedEditorAssemblies (672ms)
			LogAssemblyErrors (0ms)
			InitializePlatformSupportModulesInManaged (8ms)
			SetLoadedEditorAssemblies (7ms)
			RefreshPlugins (0ms)
			BeforeProcessingInitializeOnLoad (76ms)
			ProcessInitializeOnLoadAttributes (552ms)
			ProcessInitializeOnLoadMethodAttributes (22ms)
			AfterProcessingInitializeOnLoad (7ms)
			EditorAssembliesLoaded (0ms)
		ExecutionOrderSort2 (0ms)
		AwakeInstancesAfterBackupRestoration (7ms)
Refreshing native plugins compatible for Editor in 1.94 ms, found 3 plugins.
Preloading 0 native plugins for Editor in 0.00 ms.
Unloading 3082 Unused Serialized files (Serialized files now loaded: 0)
Unloading 23 unused Assets / (31.1 KB). Loaded Objects now: 3570.
Memory consumption went from 126.7 MB to 126.6 MB.
Total: 4.870700 ms (FindLiveObjects: 0.415000 ms CreateObjectMapping: 0.117500 ms MarkObjects: 4.241200 ms  DeleteObjects: 0.094100 ms)

Prepare: number of updated asset objects reloaded= 0
AssetImportParameters requested are different than current active one (requested -> active):
  custom:container-demuxer-ogg: 62fdf1f143b41e24485cea50d1cbac27 -> 
  custom:video-decoder-ogg-theora: a1e56fd34408186e4bbccfd4996cb3dc -> 
  custom:framework-win-MediaFoundation: 216162199b28c13a410421893ffa2e32 -> 
  custom:CustomObjectIndexerAttribute: 43b350a4d6e6d1791af0b5038c4bea17 -> 
  custom:container-demuxer-webm: 4f35f7cbe854078d1ac9338744f61a02 -> 
  custom:container-muxer-webm: aa71ff27fc2769a1b78a27578f13a17b -> 
  custom:video-decoder-webm-vp8: 9c59270c3fd7afecdb556c50c9e8de78 -> 
  custom:SearchIndexIgnoredProperties: e643bd26f0fe6173181afceb89e7c659 -> 
  custom:AudioImporter_EditorPlatform: d09bf68614088b80899f8185d706f6e7 -> 
  custom:video-encoder-webm-vp8: eb34c28f22e8b96e1ab97ce403110664 -> 
  custom:audio-decoder-ogg-vorbis: bf7c407c2cedff20999df2af8eb42d56 -> 
  custom:audio-encoder-webm-vorbis: bf7c407c2cedff20999df2af8eb42d56 -> 
========================================================================
Received Prepare
Begin MonoManager ReloadAssembly
- Loaded All Assemblies, in  0.439 seconds
Refreshing native plugins compatible for Editor in 2.46 ms, found 3 plugins.
Native extension for WindowsStandalone target not found
[Package Manager] Server::EnsureServerProcessIsRunning -- launch failed, reason: Unity was launched with the -noUpm command-line argument
[Package Manager] UpmClient::Send -- Unable to send message (not connected to UPM process).
[Package Manager] Cannot connect to Unity Package Manager local server
Mono: successfully reloaded assembly
- Finished resetting the current domain, in  0.891 seconds
Domain Reload Profiling: 1329ms
	BeginReloadAssembly (157ms)
		ExecutionOrderSort (0ms)
		DisableScriptedObjects (5ms)
		BackupInstance (0ms)
		ReleaseScriptingObjects (0ms)
		CreateAndSetChildDomain (43ms)
	RebuildCommonClasses (36ms)
	RebuildNativeTypeToScriptingClass (11ms)
	initialDomainReloadingComplete (24ms)
	LoadAllAssembliesAndSetupDomain (208ms)
		LoadAssemblies (267ms)
		RebuildTransferFunctionScriptingTraits (0ms)
		AnalyzeDomain (21ms)
			TypeCache.Refresh (8ms)
				TypeCache.ScanAssembly (0ms)
			ScanForSourceGeneratedMonoScriptInfo (7ms)
			ResolveRequiredComponents (4ms)
	FinalizeReload (891ms)
		ReleaseScriptCaches (0ms)
		RebuildScriptCaches (0ms)
		SetupLoadedEditorAssemblies (515ms)
			LogAssemblyErrors (0ms)
			InitializePlatformSupportModulesInManaged (5ms)
			SetLoadedEditorAssemblies (6ms)
			RefreshPlugins (0ms)
			BeforeProcessingInitializeOnLoad (55ms)
			ProcessInitializeOnLoadAttributes (426ms)
			ProcessInitializeOnLoadMethodAttributes (19ms)
			AfterProcessingInitializeOnLoad (4ms)
			EditorAssembliesLoaded (0ms)
		ExecutionOrderSort2 (0ms)
		AwakeInstancesAfterBackupRestoration (7ms)
Refreshing native plugins compatible for Editor in 1.44 ms, found 3 plugins.
Preloading 0 native plugins for Editor in 0.00 ms.
Unloading 3082 Unused Serialized files (Serialized files now loaded: 0)
Unloading 23 unused Assets / (31.1 KB). Loaded Objects now: 3573.
Memory consumption went from 128.6 MB to 128.6 MB.
Total: 4.436000 ms (FindLiveObjects: 0.390300 ms CreateObjectMapping: 0.185200 ms MarkObjects: 3.771100 ms  DeleteObjects: 0.087200 ms)

Prepare: number of updated asset objects reloaded= 0
AssetImportParameters requested are different than current active one (requested -> active):
  custom:container-demuxer-ogg: 62fdf1f143b41e24485cea50d1cbac27 -> 
  custom:video-decoder-ogg-theora: a1e56fd34408186e4bbccfd4996cb3dc -> 
  custom:framework-win-MediaFoundation: 216162199b28c13a410421893ffa2e32 -> 
  custom:CustomObjectIndexerAttribute: 43b350a4d6e6d1791af0b5038c4bea17 -> 
  custom:container-demuxer-webm: 4f35f7cbe854078d1ac9338744f61a02 -> 
  custom:container-muxer-webm: aa71ff27fc2769a1b78a27578f13a17b -> 
  custom:video-decoder-webm-vp8: 9c59270c3fd7afecdb556c50c9e8de78 -> 
  custom:SearchIndexIgnoredProperties: e643bd26f0fe6173181afceb89e7c659 -> 
  custom:AudioImporter_EditorPlatform: d09bf68614088b80899f8185d706f6e7 -> 
  custom:video-encoder-webm-vp8: eb34c28f22e8b96e1ab97ce403110664 -> 
  custom:audio-decoder-ogg-vorbis: bf7c407c2cedff20999df2af8eb42d56 -> 
  custom:audio-encoder-webm-vorbis: bf7c407c2cedff20999df2af8eb42d56 -> 
========================================================================
Received Import Request.
  Time since last request: 998591.236477 seconds.
  path: Assets/Scenes/Icon_ArrowDown.png
  artifactKey: Guid(ab06791390637ba48b76aa340c818dcd) Importer(815301076,1909f56bfc062723c751e8b465ee728b)
Start importing Assets/Scenes/Icon_ArrowDown.png using Guid(ab06791390637ba48b76aa340c818dcd) Importer(815301076,1909f56bfc062723c751e8b465ee728b)  -> (artifact id: 'd5fbacbd9c4a7c96b051b827b792c50d') in 0.096000 seconds
Number of updated asset objects reloaded before import = 0
Number of asset objects unloaded after import = 2
========================================================================
Received Import Request.
  Time since last request: 0.000055 seconds.
  path: Assets/Scenes/Icon_Info.png
  artifactKey: Guid(3aa481715af56f44fa81d1cb635ac637) Importer(815301076,1909f56bfc062723c751e8b465ee728b)
Start importing Assets/Scenes/Icon_Info.png using Guid(3aa481715af56f44fa81d1cb635ac637) Importer(815301076,1909f56bfc062723c751e8b465ee728b)  -> (artifact id: '642898f1f48984f326c2841ead332dd5') in 0.030811 seconds
Number of updated asset objects reloaded before import = 0
Number of asset objects unloaded after import = 2
========================================================================
Received Import Request.
  Time since last request: 0.000086 seconds.
  path: Assets/Scenes/Icon_Award.png
  artifactKey: Guid(0e9b0f0791f45a544a0fb93d543cecc1) Importer(815301076,1909f56bfc062723c751e8b465ee728b)
Start importing Assets/Scenes/Icon_Award.png using Guid(0e9b0f0791f45a544a0fb93d543cecc1) Importer(815301076,1909f56bfc062723c751e8b465ee728b)  -> (artifact id: '2f9d9926dd0ce233e2824d443f13bbb1') in 0.024134 seconds
Number of updated asset objects reloaded before import = 0
Number of asset objects unloaded after import = 2
========================================================================
Received Import Request.
  Time since last request: 0.000031 seconds.
  path: Assets/Scenes/Icon_Left.png
  artifactKey: Guid(6886c87f7b243da43ac01b71dc3eddbc) Importer(815301076,1909f56bfc062723c751e8b465ee728b)
Start importing Assets/Scenes/Icon_Left.png using Guid(6886c87f7b243da43ac01b71dc3eddbc) Importer(815301076,1909f56bfc062723c751e8b465ee728b)  -> (artifact id: '4bdeb1ead1f32bbc009b5185bc0c94e5') in 0.028034 seconds
Number of updated asset objects reloaded before import = 0
Number of asset objects unloaded after import = 2
========================================================================
Received Import Request.
  Time since last request: 0.000043 seconds.
  path: Assets/Scenes/Icon_Right.png
  artifactKey: Guid(47fa07466a470864293ef77599d04666) Importer(815301076,1909f56bfc062723c751e8b465ee728b)
Start importing Assets/Scenes/Icon_Right.png using Guid(47fa07466a470864293ef77599d04666) Importer(815301076,1909f56bfc062723c751e8b465ee728b)  -> (artifact id: '0a08f5b1394c3e42ad3965f2ea6d0889') in 0.018667 seconds
Number of updated asset objects reloaded before import = 0
Number of asset objects unloaded after import = 2
========================================================================
Received Import Request.
  Time since last request: 0.000056 seconds.
  path: Assets/Scenes/Icon_Like.png
  artifactKey: Guid(a588b5767a4bbf348b0b427fd3d771c1) Importer(815301076,1909f56bfc062723c751e8b465ee728b)
Start importing Assets/Scenes/Icon_Like.png using Guid(a588b5767a4bbf348b0b427fd3d771c1) Importer(815301076,1909f56bfc062723c751e8b465ee728b)  -> (artifact id: '220990fa0d9649fcb2aeaa4386a700cf') in 0.023488 seconds
Number of updated asset objects reloaded before import = 0
Number of asset objects unloaded after import = 2
========================================================================
Received Import Request.
  Time since last request: 0.000047 seconds.
  path: Assets/Scenes/Icon_Helix.png
  artifactKey: Guid(bc013642267eb064b815c6de3ebd0008) Importer(815301076,1909f56bfc062723c751e8b465ee728b)
Start importing Assets/Scenes/Icon_Helix.png using Guid(bc013642267eb064b815c6de3ebd0008) Importer(815301076,1909f56bfc062723c751e8b465ee728b)  -> (artifact id: 'f5e047419c857252a5795a39ae5595b1') in 0.032912 seconds
Number of updated asset objects reloaded before import = 0
Number of asset objects unloaded after import = 2
========================================================================
Received Import Request.
  Time since last request: 0.000027 seconds.
  path: Assets/Scenes/Icon_LookingGlass.png
  artifactKey: Guid(20a7ed534f289c2439d55f283b8df11a) Importer(815301076,1909f56bfc062723c751e8b465ee728b)
Start importing Assets/Scenes/Icon_LookingGlass.png using Guid(20a7ed534f289c2439d55f283b8df11a) Importer(815301076,1909f56bfc062723c751e8b465ee728b)  -> (artifact id: 'e3bd646374c6a72280fb65dadcab79ff') in 0.026232 seconds
Number of updated asset objects reloaded before import = 0
Number of asset objects unloaded after import = 2
========================================================================
Received Import Request.
  Time since last request: 0.000027 seconds.
  path: Assets/Scenes/Icon_Lightning.png
  artifactKey: Guid(46c38063e7004664b8f931fc9accb0ef) Importer(815301076,1909f56bfc062723c751e8b465ee728b)
Start importing Assets/Scenes/Icon_Lightning.png using Guid(46c38063e7004664b8f931fc9accb0ef) Importer(815301076,1909f56bfc062723c751e8b465ee728b)  -> (artifact id: 'a9d071b6d50214ae9874a57e64a0bb7c') in 0.015540 seconds
Number of updated asset objects reloaded before import = 0
Number of asset objects unloaded after import = 2
========================================================================
Received Import Request.
  Time since last request: 0.000029 seconds.
  path: Assets/Scenes/Icon_Power.png
  artifactKey: Guid(3f02388efb844f842bfd1b3a7e5edef9) Importer(815301076,1909f56bfc062723c751e8b465ee728b)
Start importing Assets/Scenes/Icon_Power.png using Guid(3f02388efb844f842bfd1b3a7e5edef9) Importer(815301076,1909f56bfc062723c751e8b465ee728b)  -> (artifact id: '90b1f693d7eb32816ea985c4c1e84422') in 0.026197 seconds
Number of updated asset objects reloaded before import = 0
Number of asset objects unloaded after import = 2
========================================================================
Received Import Request.
  Time since last request: 0.000032 seconds.
  path: Assets/Scenes/Icon_Lock.png
  artifactKey: Guid(0df5be666b9b7e447a097a7fbe9f2137) Importer(815301076,1909f56bfc062723c751e8b465ee728b)
Start importing Assets/Scenes/Icon_Lock.png using Guid(0df5be666b9b7e447a097a7fbe9f2137) Importer(815301076,1909f56bfc062723c751e8b465ee728b)  -> (artifact id: '534b7210ebdc72e343b02c3060acbf1a') in 0.023477 seconds
Number of updated asset objects reloaded before import = 0
Number of asset objects unloaded after import = 2
========================================================================
Received Import Request.
  Time since last request: 0.000033 seconds.
  path: Assets/Scenes/Icon_Globe.png
  artifactKey: Guid(bf1320066b27d8c4bbd835b5a4000f4d) Importer(815301076,1909f56bfc062723c751e8b465ee728b)
Start importing Assets/Scenes/Icon_Globe.png using Guid(bf1320066b27d8c4bbd835b5a4000f4d) Importer(815301076,1909f56bfc062723c751e8b465ee728b)  -> (artifact id: '64e2b3a96fe28344d597e7c39f879c1d') in 0.023410 seconds
Number of updated asset objects reloaded before import = 0
Number of asset objects unloaded after import = 2
========================================================================
Received Import Request.
  Time since last request: 0.000023 seconds.
  path: Assets/Scenes/Icon_PaperPlane.png
  artifactKey: Guid(b619ca3feac883840993d9fe17a593b9) Importer(815301076,1909f56bfc062723c751e8b465ee728b)
Start importing Assets/Scenes/Icon_PaperPlane.png using Guid(b619ca3feac883840993d9fe17a593b9) Importer(815301076,1909f56bfc062723c751e8b465ee728b)  -> (artifact id: '739c05b18fab5b307d9cee57285e59c4') in 0.024545 seconds
Number of updated asset objects reloaded before import = 0
Number of asset objects unloaded after import = 2
========================================================================
Received Import Request.
  Time since last request: 0.000035 seconds.
  path: Assets/Scenes/Icon_Link.png
  artifactKey: Guid(422fb8e66d261ae4b97dbe24df42703e) Importer(815301076,1909f56bfc062723c751e8b465ee728b)
Start importing Assets/Scenes/Icon_Link.png using Guid(422fb8e66d261ae4b97dbe24df42703e) Importer(815301076,1909f56bfc062723c751e8b465ee728b)  -> (artifact id: 'f81e1ebde9e40c30e95c2e667e47e4ea') in 0.027865 seconds
Number of updated asset objects reloaded before import = 0
Number of asset objects unloaded after import = 2
========================================================================
Received Import Request.
  Time since last request: 0.000020 seconds.
  path: Assets/Scenes/Icon_ArrowUp.png
  artifactKey: Guid(a6213dc83cb82674694176111af8c3ce) Importer(815301076,1909f56bfc062723c751e8b465ee728b)
Start importing Assets/Scenes/Icon_ArrowUp.png using Guid(a6213dc83cb82674694176111af8c3ce) Importer(815301076,1909f56bfc062723c751e8b465ee728b)  -> (artifact id: '29d2a0d934637bff6df0e036721f372d') in 0.018173 seconds
Number of updated asset objects reloaded before import = 0
Number of asset objects unloaded after import = 2
========================================================================
Received Import Request.
  Time since last request: 0.000024 seconds.
  path: Assets/Scenes/Icon_Flower.png
  artifactKey: Guid(03841f24a3a514a47ba368deb685fea6) Importer(815301076,1909f56bfc062723c751e8b465ee728b)
Start importing Assets/Scenes/Icon_Flower.png using Guid(03841f24a3a514a47ba368deb685fea6) Importer(815301076,1909f56bfc062723c751e8b465ee728b)  -> (artifact id: '76fb58759d6430ad58cb38d511442972') in 0.025037 seconds
Number of updated asset objects reloaded before import = 0
Number of asset objects unloaded after import = 2
========================================================================
Received Import Request.
  Time since last request: 0.000042 seconds.
  path: Assets/Scenes/Icon_Pencil.png
  artifactKey: Guid(3c3c0f22a1e226e48b2cc329ef3d69b8) Importer(815301076,1909f56bfc062723c751e8b465ee728b)
Start importing Assets/Scenes/Icon_Pencil.png using Guid(3c3c0f22a1e226e48b2cc329ef3d69b8) Importer(815301076,1909f56bfc062723c751e8b465ee728b)  -> (artifact id: '25989c0e238715777140d33884c5932c') in 0.015095 seconds
Number of updated asset objects reloaded before import = 0
Number of asset objects unloaded after import = 2
========================================================================
Received Import Request.
  Time since last request: 0.000040 seconds.
  path: Assets/Scenes/Icon_Settings.png
  artifactKey: Guid(976a1d9dbe0587b4380418a6e0b39939) Importer(815301076,1909f56bfc062723c751e8b465ee728b)
Start importing Assets/Scenes/Icon_Settings.png using Guid(976a1d9dbe0587b4380418a6e0b39939) Importer(815301076,1909f56bfc062723c751e8b465ee728b)  -> (artifact id: '33324c3e8409070d9a73aa2746988c9b') in 0.034504 seconds
Number of updated asset objects reloaded before import = 0
Number of asset objects unloaded after import = 2
========================================================================
Received Import Request.
  Time since last request: 0.000036 seconds.
  path: Assets/Scenes/Icon_Exclamation.png
  artifactKey: Guid(db7c2d872e2f373449ed73dd30ea2e06) Importer(815301076,1909f56bfc062723c751e8b465ee728b)
Start importing Assets/Scenes/Icon_Exclamation.png using Guid(db7c2d872e2f373449ed73dd30ea2e06) Importer(815301076,1909f56bfc062723c751e8b465ee728b)  -> (artifact id: '3598b1c3202338931572095cde1311ae') in 0.032060 seconds
Number of updated asset objects reloaded before import = 0
Number of asset objects unloaded after import = 2
========================================================================
Received Import Request.
  Time since last request: 0.000031 seconds.
  path: Assets/Scenes/Icon_DotsVertical.png
  artifactKey: Guid(246c6aab20c5bae42a38c8e3bbd1c676) Importer(815301076,1909f56bfc062723c751e8b465ee728b)
Start importing Assets/Scenes/Icon_DotsVertical.png using Guid(246c6aab20c5bae42a38c8e3bbd1c676) Importer(815301076,1909f56bfc062723c751e8b465ee728b)  -> (artifact id: '3b720152d524065ef1f4f85bd752c2c1') in 0.017821 seconds
Number of updated asset objects reloaded before import = 0
Number of asset objects unloaded after import = 2
========================================================================
Received Import Request.
  Time since last request: 0.000095 seconds.
  path: Assets/Scenes/Icon_Crown.png
  artifactKey: Guid(96b0fe50661c8e94b99a7e3abd466702) Importer(815301076,1909f56bfc062723c751e8b465ee728b)
Start importing Assets/Scenes/Icon_Crown.png using Guid(96b0fe50661c8e94b99a7e3abd466702) Importer(815301076,1909f56bfc062723c751e8b465ee728b)  -> (artifact id: '2831f4496d6ba191b7b886f5bf61c424') in 0.021959 seconds
Number of updated asset objects reloaded before import = 0
Number of asset objects unloaded after import = 2
========================================================================
Received Import Request.
  Time since last request: 0.000050 seconds.
  path: Assets/Scenes/Icon_Return.png
  artifactKey: Guid(42e767f6c67ecac46a6a7dea0d1bbda8) Importer(815301076,1909f56bfc062723c751e8b465ee728b)
Start importing Assets/Scenes/Icon_Return.png using Guid(42e767f6c67ecac46a6a7dea0d1bbda8) Importer(815301076,1909f56bfc062723c751e8b465ee728b)  -> (artifact id: '1327e50952c482de8807d193d2127b86') in 0.031633 seconds
Number of updated asset objects reloaded before import = 0
Number of asset objects unloaded after import = 2
========================================================================
Received Import Request.
  Time since last request: 0.000040 seconds.
  path: Assets/Scenes/Icon_BatteryFull.png
  artifactKey: Guid(8a5ae7e5d3e7d3c4eb3b0d837a664995) Importer(815301076,1909f56bfc062723c751e8b465ee728b)
Start importing Assets/Scenes/Icon_BatteryFull.png using Guid(8a5ae7e5d3e7d3c4eb3b0d837a664995) Importer(815301076,1909f56bfc062723c751e8b465ee728b)  -> (artifact id: '0ea54259f8f4c64c83aeb0ca1198a600') in 0.102767 seconds
Number of updated asset objects reloaded before import = 0
Number of asset objects unloaded after import = 2
========================================================================
Received Import Request.
  Time since last request: 0.000199 seconds.
  path: Assets/Scenes/Icon_Exit.png
  artifactKey: Guid(9be91046ba84e624d86c48eb0051f5b1) Importer(815301076,1909f56bfc062723c751e8b465ee728b)
Start importing Assets/Scenes/Icon_Exit.png using Guid(9be91046ba84e624d86c48eb0051f5b1) Importer(815301076,1909f56bfc062723c751e8b465ee728b)  -> (artifact id: '6af63d0ca193e99096ef8d523f945c17') in 0.092744 seconds
Number of updated asset objects reloaded before import = 0
Number of asset objects unloaded after import = 2
========================================================================
Received Import Request.
  Time since last request: 0.000176 seconds.
  path: Assets/Scenes/Icon_FLag.png
  artifactKey: Guid(cef4d15501dbcf94495c4567b3b323c5) Importer(815301076,1909f56bfc062723c751e8b465ee728b)
Start importing Assets/Scenes/Icon_FLag.png using Guid(cef4d15501dbcf94495c4567b3b323c5) Importer(815301076,1909f56bfc062723c751e8b465ee728b)  -> (artifact id: '5816c1c3ce1c759505fe2d3d40a9faaf') in 0.200642 seconds
Number of updated asset objects reloaded before import = 0
Number of asset objects unloaded after import = 2
========================================================================
Received Import Request.
  Time since last request: 0.000173 seconds.
  path: Assets/Scenes/Icon_MusicOn.png
  artifactKey: Guid(89e927639d16e794b88fc1e5748cb23a) Importer(815301076,1909f56bfc062723c751e8b465ee728b)
Start importing Assets/Scenes/Icon_MusicOn.png using Guid(89e927639d16e794b88fc1e5748cb23a) Importer(815301076,1909f56bfc062723c751e8b465ee728b)  -> (artifact id: 'f28b58c8078d509cde286de9d5fa99e6') in 0.114846 seconds
Number of updated asset objects reloaded before import = 0
Number of asset objects unloaded after import = 2
========================================================================
Received Import Request.
  Time since last request: 0.000472 seconds.
  path: Assets/Scenes/Icon_Cup.png
  artifactKey: Guid(4cab8beb9ad8e0d47bf6d3c540263779) Importer(815301076,1909f56bfc062723c751e8b465ee728b)
Start importing Assets/Scenes/Icon_Cup.png using Guid(4cab8beb9ad8e0d47bf6d3c540263779) Importer(815301076,1909f56bfc062723c751e8b465ee728b)  -> (artifact id: 'd3a7704ed14370cbd5172ec4153edb18') in 0.094165 seconds
Number of updated asset objects reloaded before import = 0
Number of asset objects unloaded after import = 2
========================================================================
Received Import Request.
  Time since last request: 0.000166 seconds.
  path: Assets/Scenes/Icon_Food.png
  artifactKey: Guid(c885a858e433fb44c984414c902a652f) Importer(815301076,1909f56bfc062723c751e8b465ee728b)
Start importing Assets/Scenes/Icon_Food.png using Guid(c885a858e433fb44c984414c902a652f) Importer(815301076,1909f56bfc062723c751e8b465ee728b)  -> (artifact id: '01645fe40befe539a5629aaba7c86241') in 0.129698 seconds
Number of updated asset objects reloaded before import = 0
Number of asset objects unloaded after import = 2
========================================================================
Received Import Request.
  Time since last request: 0.000228 seconds.
  path: Assets/Scenes/Icon_Clock.png
  artifactKey: Guid(d95630b37cf284043b7b14d3f49a6c07) Importer(815301076,1909f56bfc062723c751e8b465ee728b)
Start importing Assets/Scenes/Icon_Clock.png using Guid(d95630b37cf284043b7b14d3f49a6c07) Importer(815301076,1909f56bfc062723c751e8b465ee728b)  -> (artifact id: 'd2074913681c3fa178c60b6a2c7a406f') in 0.140364 seconds
Number of updated asset objects reloaded before import = 0
Number of asset objects unloaded after import = 2
========================================================================
Received Import Request.
  Time since last request: 0.000216 seconds.
  path: Assets/Scenes/Icon_Look.png
  artifactKey: Guid(cdf40d047ba90b3449672fca6e57dd41) Importer(815301076,1909f56bfc062723c751e8b465ee728b)
Start importing Assets/Scenes/Icon_Look.png using Guid(cdf40d047ba90b3449672fca6e57dd41) Importer(815301076,1909f56bfc062723c751e8b465ee728b)  -> (artifact id: 'c657d19221a9a1ada66f4e4df17227ee') in 0.125621 seconds
Number of updated asset objects reloaded before import = 0
Number of asset objects unloaded after import = 2
========================================================================
Received Import Request.
  Time since last request: 0.000283 seconds.
  path: Assets/Scenes/Icon_Expand.png
  artifactKey: Guid(1db0b28da031b1f459fa52ba8a034dd3) Importer(815301076,1909f56bfc062723c751e8b465ee728b)
Start importing Assets/Scenes/Icon_Expand.png using Guid(1db0b28da031b1f459fa52ba8a034dd3) Importer(815301076,1909f56bfc062723c751e8b465ee728b)  -> (artifact id: 'f7643df80ba419eaac9cdf1f185dac66') in 0.234302 seconds
Number of updated asset objects reloaded before import = 0
Number of asset objects unloaded after import = 2
========================================================================
Received Import Request.
  Time since last request: 0.000192 seconds.
  path: Assets/Scenes/Icon_Cart.png
  artifactKey: Guid(db8d85397293b324b9f161690463bbe6) Importer(815301076,1909f56bfc062723c751e8b465ee728b)
Start importing Assets/Scenes/Icon_Cart.png using Guid(db8d85397293b324b9f161690463bbe6) Importer(815301076,1909f56bfc062723c751e8b465ee728b)  -> (artifact id: '9d7a493b7544a1b8ea44ba4182a2ea62') in 0.276507 seconds
Number of updated asset objects reloaded before import = 0
Number of asset objects unloaded after import = 2
========================================================================
Received Import Request.
  Time since last request: 8.768318 seconds.
  path: Assets/Scenes/Icon_SqiuareTilt.png
  artifactKey: Guid(bcbe47c72aeb79c49b85a43625be0cb0) Importer(815301076,1909f56bfc062723c751e8b465ee728b)
Start importing Assets/Scenes/Icon_SqiuareTilt.png using Guid(bcbe47c72aeb79c49b85a43625be0cb0) Importer(815301076,1909f56bfc062723c751e8b465ee728b)  -> (artifact id: '93cddf584a48907cb1b0a1d020868f4c') in 0.010412 seconds
Number of updated asset objects reloaded before import = 0
Number of asset objects unloaded after import = 2
========================================================================
Received Import Request.
  Time since last request: 0.000024 seconds.
  path: Assets/Scenes/Icon_Write.png
  artifactKey: Guid(10758e29043c93d4bb059e4e29b5419d) Importer(815301076,1909f56bfc062723c751e8b465ee728b)
Start importing Assets/Scenes/Icon_Write.png using Guid(10758e29043c93d4bb059e4e29b5419d) Importer(815301076,1909f56bfc062723c751e8b465ee728b)  -> (artifact id: 'de99145619e4e50039a576b59b8eb9e3') in 0.014624 seconds
Number of updated asset objects reloaded before import = 0
Number of asset objects unloaded after import = 2
========================================================================
Received Import Request.
  Time since last request: 0.000029 seconds.
  path: Assets/Scenes/Icon_Up.png
  artifactKey: Guid(64fa05ef2d6e2ab40a9bca496827a2a4) Importer(815301076,1909f56bfc062723c751e8b465ee728b)
Start importing Assets/Scenes/Icon_Up.png using Guid(64fa05ef2d6e2ab40a9bca496827a2a4) Importer(815301076,1909f56bfc062723c751e8b465ee728b)  -> (artifact id: '63829aae7e22ea30da6e51bff5a70c91') in 0.012369 seconds
Number of updated asset objects reloaded before import = 0
Number of asset objects unloaded after import = 2
========================================================================
Received Import Request.
  Time since last request: 0.000031 seconds.
  path: Assets/Scenes/Icon_Trash.png
  artifactKey: Guid(c0dcbc66fa07ded4697dd1ec1ebe45d5) Importer(815301076,1909f56bfc062723c751e8b465ee728b)
Start importing Assets/Scenes/Icon_Trash.png using Guid(c0dcbc66fa07ded4697dd1ec1ebe45d5) Importer(815301076,1909f56bfc062723c751e8b465ee728b)  -> (artifact id: 'f6921df3675bbf9af7f4ce729ed667ec') in 0.025675 seconds
Number of updated asset objects reloaded before import = 0
Number of asset objects unloaded after import = 2
========================================================================
Received Import Request.
  Time since last request: 0.000025 seconds.
  path: Assets/Scenes/Icon_Sun.png
  artifactKey: Guid(42d7406fc60b3ed469a747ccf2d372fb) Importer(815301076,1909f56bfc062723c751e8b465ee728b)
Start importing Assets/Scenes/Icon_Sun.png using Guid(42d7406fc60b3ed469a747ccf2d372fb) Importer(815301076,1909f56bfc062723c751e8b465ee728b)  -> (artifact id: 'd1526ebf4446ad4af7d24e22e59c29df') in 0.013095 seconds
Number of updated asset objects reloaded before import = 0
Number of asset objects unloaded after import = 2
========================================================================
Received Import Request.
  Time since last request: 0.000041 seconds.
  path: Assets/Scenes/Icon_Stats.png
  artifactKey: Guid(737432f40857b0c408118d1cf066d32d) Importer(815301076,1909f56bfc062723c751e8b465ee728b)
Start importing Assets/Scenes/Icon_Stats.png using Guid(737432f40857b0c408118d1cf066d32d) Importer(815301076,1909f56bfc062723c751e8b465ee728b)  -> (artifact id: '463717406ed0eb82eafa9ec1aafeb0a6') in 0.025579 seconds
Number of updated asset objects reloaded before import = 0
Number of asset objects unloaded after import = 2
========================================================================
Received Import Request.
  Time since last request: 1.489066 seconds.
  path: Assets/Scenes/Item6.png
  artifactKey: Guid(f19f665f80318e549991448aa78b6f0c) Importer(815301076,1909f56bfc062723c751e8b465ee728b)
Start importing Assets/Scenes/Item6.png using Guid(f19f665f80318e549991448aa78b6f0c) Importer(815301076,1909f56bfc062723c751e8b465ee728b)  -> (artifact id: 'c3e117aaaca89ffd8f9923819825188b') in 0.034272 seconds
Number of updated asset objects reloaded before import = 0
Number of asset objects unloaded after import = 2
Editor requested this worker to shutdown with reason: Scaling down because of idle timeout
TcpMessagingSession - receive error: operation aborted. errorcode: 995, details: ќпераци€ ввода/вывода была прервана из-за завершени€ потока команд или по запросу приложени€.
AssetImportWorker is now disconnected from the server
Process exiting
Exiting without the bug reporter. Application will terminate with return code 0